Flow report for C5G_HDMI_VPG
Wed Nov 07 14:59:04 2018
Quartus Prime Version 18.0.0 Build 614 04/24/2018 SJ Standard Edition


---------------------
; Table of Contents ;
---------------------
  1. Legal Notice
  2. Flow Summary
  3. Flow Settings
  4. Flow Non-Default Global Settings
  5. Flow Elapsed Time
  6. Flow OS Summary
  7. Flow Log
  8. Flow Messages
  9. Flow Suppressed Messages



----------------
; Legal Notice ;
----------------
Copyright (C) 2018  Intel Corporation. All rights reserved.
Your use of Intel Corporation's design tools, logic functions 
and other software and tools, and its AMPP partner logic 
functions, and any output files from any of the foregoing 
(including device programming or simulation files), and any 
associated documentation or information are expressly subject 
to the terms and conditions of the Intel Program License 
Subscription Agreement, the Intel Quartus Prime License Agreement,
the Intel FPGA IP License Agreement, or other applicable license
agreement, including, without limitation, that your use is for
the sole purpose of programming logic devices manufactured by
Intel and sold by Intel or its authorized distributors.  Please
refer to the applicable agreement for further details.



+-----------------------------------------------------------------------------------+
; Flow Summary                                                                      ;
+---------------------------------+-------------------------------------------------+
; Flow Status                     ; Successful - Wed Nov 07 14:58:41 2018           ;
; Quartus Prime Version           ; 18.0.0 Build 614 04/24/2018 SJ Standard Edition ;
; Revision Name                   ; C5G_HDMI_VPG                                    ;
; Top-level Entity Name           ; C5G_HDMI_VPG                                    ;
; Family                          ; Cyclone V                                       ;
; Device                          ; 5CGXFC5C6F27C7                                  ;
; Timing Models                   ; Final                                           ;
; Logic utilization (in ALMs)     ; 2,829 / 29,080 ( 10 % )                         ;
; Total registers                 ; 3742                                            ;
; Total pins                      ; 142 / 364 ( 39 % )                              ;
; Total virtual pins              ; 0                                               ;
; Total block memory bits         ; 2,547,520 / 4,567,040 ( 56 % )                  ;
; Total PLLs                      ; 3 / 12 ( 25 % )                                 ;
; Total DLLs                      ; 0 / 4 ( 0 % )                                   ;
; Total DSP Blocks                ; 3 / 150 ( 2 % )                                 ;
; Total HSSI RX PCSs              ; 0 / 6 ( 0 % )                                   ;
; Total HSSI PMA RX Deserializers ; 0 / 6 ( 0 % )                                   ;
; Total HSSI TX PCSs              ; 0 / 6 ( 0 % )                                   ;
; Total HSSI PMA TX Serializers   ; 0 / 6 ( 0 % )                                   ;
+---------------------------------+-------------------------------------------------+


+-----------------------------------------+
; Flow Settings                           ;
+-------------------+---------------------+
; Option            ; Setting             ;
+-------------------+---------------------+
; Start date & time ; 11/07/2018 13:47:42 ;
; Main task         ; Compilation         ;
; Revision Name     ; C5G_HDMI_VPG        ;
+-------------------+---------------------+


+-------------------------------------------------------------------------------------------------------------------------------------------------------------------+
; Flow Non-Default Global Settings                                                                                                                                  ;
+-------------------------------------+----------------------------------------------------------------------------+---------------+-------------+------------------+
; Assignment Name                     ; Value                                                                      ; Default Value ; Entity Name ; Section Id       ;
+-------------------------------------+----------------------------------------------------------------------------+---------------+-------------+------------------+
; COMPILER_SIGNATURE_ID               ; 176831339390495.154159486107724                                            ; --            ; --          ; --               ;
; EDA_OUTPUT_DATA_FORMAT              ; None                                                                       ; --            ; --          ; eda_simulation   ;
; ENABLE_SIGNALTAP                    ; On                                                                         ; --            ; --          ; --               ;
; MAX_CORE_JUNCTION_TEMP              ; 85                                                                         ; --            ; --          ; --               ;
; MIN_CORE_JUNCTION_TEMP              ; 0                                                                          ; --            ; --          ; --               ;
; MISC_FILE                           ; HDMI_QSYS/synthesis/../HDMI_QSYS.cmp                                       ; --            ; --          ; --               ;
; MISC_FILE                           ; HDMI_QSYS/synthesis/../../HDMI_QSYS.qsys                                   ; --            ; --          ; --               ;
; MISC_FILE                           ; sys_pll.cmp                                                                ; --            ; --          ; --               ;
; MISC_FILE                           ; sys_pll_sim/sys_pll.vo                                                     ; --            ; --          ; --               ;
; MISC_FILE                           ; vpg_source/pll.cmp                                                         ; --            ; --          ; --               ;
; MISC_FILE                           ; vpg_source/pll_sim/pll.vo                                                  ; --            ; --          ; --               ;
; MISC_FILE                           ; vpg_source/pll_reconfig.cmp                                                ; --            ; --          ; --               ;
; MISC_FILE                           ; vpg_source/pll_reconfig_sim/pll_reconfig.v                                 ; --            ; --          ; --               ;
; MISC_FILE                           ; vpg_source/pll_reconfig_sim/altera_pll_reconfig/altera_pll_reconfig_top.v  ; --            ; --          ; --               ;
; MISC_FILE                           ; vpg_source/pll_reconfig_sim/altera_pll_reconfig/altera_pll_reconfig_core.v ; --            ; --          ; --               ;
; MISC_FILE                           ; vpg_source/pll_reconfig_sim/altera_pll_reconfig/altera_std_synchronizer.v  ; --            ; --          ; --               ;
; MISC_FILE                           ; background_memory.bsf                                                      ; --            ; --          ; --               ;
; MISC_FILE                           ; background_memory_inst.vhd                                                 ; --            ; --          ; --               ;
; MISC_FILE                           ; background_memory.inc                                                      ; --            ; --          ; --               ;
; MISC_FILE                           ; background_memory.cmp                                                      ; --            ; --          ; --               ;
; MISC_FILE                           ; background_memory_syn.v                                                    ; --            ; --          ; --               ;
; MISC_FILE                           ; position_memory_inst.vhd                                                   ; --            ; --          ; --               ;
; MISC_FILE                           ; position_memory.inc                                                        ; --            ; --          ; --               ;
; MISC_FILE                           ; position_memory.cmp                                                        ; --            ; --          ; --               ;
; MISC_FILE                           ; character_memory_inst.vhd                                                  ; --            ; --          ; --               ;
; MISC_FILE                           ; character_memory.inc                                                       ; --            ; --          ; --               ;
; MISC_FILE                           ; character_memory.cmp                                                       ; --            ; --          ; --               ;
; PARTITION_COLOR                     ; -- (Not supported for targeted family)                                     ; --            ; --          ; Top              ;
; PARTITION_FITTER_PRESERVATION_LEVEL ; -- (Not supported for targeted family)                                     ; --            ; --          ; Top              ;
; PARTITION_NETLIST_TYPE              ; -- (Not supported for targeted family)                                     ; --            ; --          ; Top              ;
; POWER_BOARD_THERMAL_MODEL           ; None (CONSERVATIVE)                                                        ; --            ; --          ; --               ;
; POWER_PRESET_COOLING_SOLUTION       ; 23 MM HEAT SINK WITH 200 LFPM AIRFLOW                                      ; --            ; --          ; --               ;
; SLD_FILE                            ; HDMI_QSYS/synthesis/HDMI_QSYS.regmap                                       ; --            ; --          ; --               ;
; SLD_FILE                            ; HDMI_QSYS/synthesis/HDMI_QSYS.debuginfo                                    ; --            ; --          ; --               ;
; SLD_FILE                            ; db/stp1_auto_stripped.stp                                                  ; --            ; --          ; --               ;
; SLD_INFO                            ; QSYS_NAME HDMI_QSYS HAS_SOPCINFO 1 GENERATION_ID 1540469412                ; --            ; HDMI_QSYS   ; --               ;
; SLD_NODE_CREATOR_ID                 ; 110                                                                        ; --            ; --          ; auto_signaltap_0 ;
; SLD_NODE_ENTITY_NAME                ; sld_signaltap                                                              ; --            ; --          ; auto_signaltap_0 ;
; SLD_NODE_PARAMETER_ASSIGNMENT       ; SLD_RAM_BLOCK_TYPE=AUTO                                                    ; --            ; --          ; auto_signaltap_0 ;
; SLD_NODE_PARAMETER_ASSIGNMENT       ; SLD_DATA_BITS=10                                                           ; --            ; --          ; auto_signaltap_0 ;
; SLD_NODE_PARAMETER_ASSIGNMENT       ; SLD_TRIGGER_BITS=10                                                        ; --            ; --          ; auto_signaltap_0 ;
; SLD_NODE_PARAMETER_ASSIGNMENT       ; SLD_STORAGE_QUALIFIER_BITS=10                                              ; --            ; --          ; auto_signaltap_0 ;
; SLD_NODE_PARAMETER_ASSIGNMENT       ; SLD_NODE_INFO=805334528                                                    ; --            ; --          ; auto_signaltap_0 ;
; SLD_NODE_PARAMETER_ASSIGNMENT       ; SLD_POWER_UP_TRIGGER=0                                                     ; --            ; --          ; auto_signaltap_0 ;
; SLD_NODE_PARAMETER_ASSIGNMENT       ; SLD_INVERSION_MASK=000000000000000000000000000000000000000000000000000     ; --            ; --          ; auto_signaltap_0 ;
; SLD_NODE_PARAMETER_ASSIGNMENT       ; SLD_INVERSION_MASK_LENGTH=51                                               ; --            ; --          ; auto_signaltap_0 ;
; SLD_NODE_PARAMETER_ASSIGNMENT       ; SLD_STORAGE_QUALIFIER_INVERSION_MASK_LENGTH=0                              ; --            ; --          ; auto_signaltap_0 ;
; SLD_NODE_PARAMETER_ASSIGNMENT       ; SLD_SEGMENT_SIZE=128                                                       ; --            ; --          ; auto_signaltap_0 ;
; SLD_NODE_PARAMETER_ASSIGNMENT       ; SLD_ATTRIBUTE_MEM_MODE=OFF                                                 ; --            ; --          ; auto_signaltap_0 ;
; SLD_NODE_PARAMETER_ASSIGNMENT       ; SLD_STATE_FLOW_USE_GENERATED=0                                             ; --            ; --          ; auto_signaltap_0 ;
; SLD_NODE_PARAMETER_ASSIGNMENT       ; SLD_STATE_BITS=11                                                          ; --            ; --          ; auto_signaltap_0 ;
; SLD_NODE_PARAMETER_ASSIGNMENT       ; SLD_BUFFER_FULL_STOP=1                                                     ; --            ; --          ; auto_signaltap_0 ;
; SLD_NODE_PARAMETER_ASSIGNMENT       ; SLD_CURRENT_RESOURCE_WIDTH=1                                               ; --            ; --          ; auto_signaltap_0 ;
; SLD_NODE_PARAMETER_ASSIGNMENT       ; SLD_INCREMENTAL_ROUTING=1                                                  ; --            ; --          ; auto_signaltap_0 ;
; SLD_NODE_PARAMETER_ASSIGNMENT       ; SLD_TRIGGER_LEVEL=1                                                        ; --            ; --          ; auto_signaltap_0 ;
; SLD_NODE_PARAMETER_ASSIGNMENT       ; SLD_SAMPLE_DEPTH=128                                                       ; --            ; --          ; auto_signaltap_0 ;
; SLD_NODE_PARAMETER_ASSIGNMENT       ; SLD_TRIGGER_IN_ENABLED=0                                                   ; --            ; --          ; auto_signaltap_0 ;
; SLD_NODE_PARAMETER_ASSIGNMENT       ; SLD_TRIGGER_PIPELINE=0                                                     ; --            ; --          ; auto_signaltap_0 ;
; SLD_NODE_PARAMETER_ASSIGNMENT       ; SLD_RAM_PIPELINE=0                                                         ; --            ; --          ; auto_signaltap_0 ;
; SLD_NODE_PARAMETER_ASSIGNMENT       ; SLD_COUNTER_PIPELINE=0                                                     ; --            ; --          ; auto_signaltap_0 ;
; SLD_NODE_PARAMETER_ASSIGNMENT       ; SLD_ADVANCED_TRIGGER_ENTITY=basic,1,                                       ; --            ; --          ; auto_signaltap_0 ;
; SLD_NODE_PARAMETER_ASSIGNMENT       ; SLD_TRIGGER_LEVEL_PIPELINE=1                                               ; --            ; --          ; auto_signaltap_0 ;
; SLD_NODE_PARAMETER_ASSIGNMENT       ; SLD_ENABLE_ADVANCED_TRIGGER=0                                              ; --            ; --          ; auto_signaltap_0 ;
; SOPCINFO_FILE                       ; HDMI_QSYS/synthesis/../../HDMI_QSYS.sopcinfo                               ; --            ; --          ; --               ;
; SPD_FILE                            ; sys_pll.spd                                                                ; --            ; --          ; --               ;
; SPD_FILE                            ; vpg_source/pll.spd                                                         ; --            ; --          ; --               ;
; SPD_FILE                            ; vpg_source/pll_reconfig.spd                                                ; --            ; --          ; --               ;
; SYNTHESIS_ONLY_QIP                  ; On                                                                         ; --            ; --          ; --               ;
; SYNTHESIS_ONLY_QIP                  ; On                                                                         ; --            ; --          ; --               ;
; SYNTHESIS_ONLY_QIP                  ; On                                                                         ; --            ; --          ; --               ;
; SYNTHESIS_ONLY_QIP                  ; On                                                                         ; --            ; --          ; --               ;
; USE_SIGNALTAP_FILE                  ; stp1.stp                                                                   ; --            ; --          ; --               ;
+-------------------------------------+----------------------------------------------------------------------------+---------------+-------------+------------------+


+--------------------------------------------------------------------------------------------------------------------------+
; Flow Elapsed Time                                                                                                        ;
+----------------------+--------------+-------------------------+---------------------+------------------------------------+
; Module Name          ; Elapsed Time ; Average Processors Used ; Peak Virtual Memory ; Total CPU Time (on all processors) ;
+----------------------+--------------+-------------------------+---------------------+------------------------------------+
; Analysis & Synthesis ; 00:01:17     ; 2.4                     ; 961 MB              ; 00:01:45                           ;
; Partition Merge      ; 00:00:02     ; 1.0                     ; 666 MB              ; 00:00:02                           ;
; Fitter               ; 00:02:32     ; 1.3                     ; 2606 MB             ; 00:05:10                           ;
; Assembler            ; 00:00:12     ; 1.0                     ; 787 MB              ; 00:00:12                           ;
; Timing Analyzer      ; 00:00:23     ; 2.2                     ; 1269 MB             ; 00:00:43                           ;
; Analysis & Synthesis ; 00:01:16     ; 1.4                     ; 982 MB              ; 00:01:39                           ;
; Partition Merge      ; 00:00:04     ; 1.0                     ; 683 MB              ; 00:00:03                           ;
; Fitter               ; 00:02:56     ; 1.2                     ; 2592 MB             ; 00:06:09                           ;
; Assembler            ; 00:00:12     ; 1.0                     ; 788 MB              ; 00:00:11                           ;
; Timing Analyzer      ; 00:00:22     ; 2.1                     ; 1268 MB             ; 00:00:42                           ;
; Analysis & Synthesis ; 00:00:15     ; 1.0                     ; 801 MB              ; 00:00:27                           ;
; Analysis & Synthesis ; 00:01:15     ; 1.4                     ; 967 MB              ; 00:01:36                           ;
; Partition Merge      ; 00:00:03     ; 1.0                     ; 684 MB              ; 00:00:03                           ;
; Fitter               ; 00:02:14     ; 1.3                     ; 2636 MB             ; 00:04:32                           ;
; Assembler            ; 00:00:11     ; 1.0                     ; 792 MB              ; 00:00:11                           ;
; Timing Analyzer      ; 00:00:21     ; 2.2                     ; 1266 MB             ; 00:00:42                           ;
; Analysis & Synthesis ; 00:01:14     ; 1.4                     ; 983 MB              ; 00:01:38                           ;
; Partition Merge      ; 00:00:03     ; 1.0                     ; 683 MB              ; 00:00:03                           ;
; Fitter               ; 00:02:31     ; 1.3                     ; 2618 MB             ; 00:05:24                           ;
; Assembler            ; 00:00:11     ; 1.0                     ; 787 MB              ; 00:00:11                           ;
; Timing Analyzer      ; 00:00:21     ; 2.2                     ; 1267 MB             ; 00:00:41                           ;
; Analysis & Synthesis ; 00:00:15     ; 1.0                     ; 800 MB              ; 00:00:26                           ;
; Analysis & Synthesis ; 00:01:15     ; 1.4                     ; 969 MB              ; 00:01:38                           ;
; Partition Merge      ; 00:00:03     ; 1.0                     ; 683 MB              ; 00:00:03                           ;
; Fitter               ; 00:02:23     ; 1.3                     ; 2618 MB             ; 00:05:07                           ;
; Assembler            ; 00:00:11     ; 1.0                     ; 788 MB              ; 00:00:11                           ;
; Timing Analyzer      ; 00:00:22     ; 2.2                     ; 1268 MB             ; 00:00:42                           ;
; Analysis & Synthesis ; 00:01:14     ; 1.4                     ; 972 MB              ; 00:01:38                           ;
; Partition Merge      ; 00:00:03     ; 1.0                     ; 684 MB              ; 00:00:03                           ;
; Fitter               ; 00:02:18     ; 1.3                     ; 2639 MB             ; 00:04:49                           ;
; Assembler            ; 00:00:11     ; 1.0                     ; 794 MB              ; 00:00:11                           ;
; Timing Analyzer      ; 00:00:21     ; 2.2                     ; 1267 MB             ; 00:00:41                           ;
; Total                ; 00:26:31     ; --                      ; --                  ; 00:47:33                           ;
+----------------------+--------------+-------------------------+---------------------+------------------------------------+


+-----------------------------------------------------------------------------------+
; Flow OS Summary                                                                   ;
+----------------------+------------------+-----------+------------+----------------+
; Module Name          ; Machine Hostname ; OS Name   ; OS Version ; Processor type ;
+----------------------+------------------+-----------+------------+----------------+
; Analysis & Synthesis ; CI53219          ; Windows 7 ; 6.1        ; x86_64         ;
; Partition Merge      ; CI53219          ; Windows 7 ; 6.1        ; x86_64         ;
; Fitter               ; CI53219          ; Windows 7 ; 6.1        ; x86_64         ;
; Assembler            ; CI53219          ; Windows 7 ; 6.1        ; x86_64         ;
; Timing Analyzer      ; CI53219          ; Windows 7 ; 6.1        ; x86_64         ;
; Analysis & Synthesis ; CI53219          ; Windows 7 ; 6.1        ; x86_64         ;
; Partition Merge      ; CI53219          ; Windows 7 ; 6.1        ; x86_64         ;
; Fitter               ; CI53219          ; Windows 7 ; 6.1        ; x86_64         ;
; Assembler            ; CI53219          ; Windows 7 ; 6.1        ; x86_64         ;
; Timing Analyzer      ; CI53219          ; Windows 7 ; 6.1        ; x86_64         ;
; Analysis & Synthesis ; CI53219          ; Windows 7 ; 6.1        ; x86_64         ;
; Analysis & Synthesis ; CI53219          ; Windows 7 ; 6.1        ; x86_64         ;
; Partition Merge      ; CI53219          ; Windows 7 ; 6.1        ; x86_64         ;
; Fitter               ; CI53219          ; Windows 7 ; 6.1        ; x86_64         ;
; Assembler            ; CI53219          ; Windows 7 ; 6.1        ; x86_64         ;
; Timing Analyzer      ; CI53219          ; Windows 7 ; 6.1        ; x86_64         ;
; Analysis & Synthesis ; CI53219          ; Windows 7 ; 6.1        ; x86_64         ;
; Partition Merge      ; CI53219          ; Windows 7 ; 6.1        ; x86_64         ;
; Fitter               ; CI53219          ; Windows 7 ; 6.1        ; x86_64         ;
; Assembler            ; CI53219          ; Windows 7 ; 6.1        ; x86_64         ;
; Timing Analyzer      ; CI53219          ; Windows 7 ; 6.1        ; x86_64         ;
; Analysis & Synthesis ; CI53219          ; Windows 7 ; 6.1        ; x86_64         ;
; Analysis & Synthesis ; CI53219          ; Windows 7 ; 6.1        ; x86_64         ;
; Partition Merge      ; CI53219          ; Windows 7 ; 6.1        ; x86_64         ;
; Fitter               ; CI53219          ; Windows 7 ; 6.1        ; x86_64         ;
; Assembler            ; CI53219          ; Windows 7 ; 6.1        ; x86_64         ;
; Timing Analyzer      ; CI53219          ; Windows 7 ; 6.1        ; x86_64         ;
; Analysis & Synthesis ; CI53219          ; Windows 7 ; 6.1        ; x86_64         ;
; Partition Merge      ; CI53219          ; Windows 7 ; 6.1        ; x86_64         ;
; Fitter               ; CI53219          ; Windows 7 ; 6.1        ; x86_64         ;
; Assembler            ; CI53219          ; Windows 7 ; 6.1        ; x86_64         ;
; Timing Analyzer      ; CI53219          ; Windows 7 ; 6.1        ; x86_64         ;
+----------------------+------------------+-----------+------------+----------------+


------------
; Flow Log ;
------------
quartus_map --read_settings_files=on --write_settings_files=off pacman -c C5G_HDMI_VPG
quartus_cdb --read_settings_files=off --write_settings_files=off pacman -c C5G_HDMI_VPG --merge=on
quartus_fit --read_settings_files=off --write_settings_files=off pacman -c C5G_HDMI_VPG
quartus_asm --read_settings_files=off --write_settings_files=off pacman -c C5G_HDMI_VPG
quartus_sta pacman -c C5G_HDMI_VPG
quartus_map --read_settings_files=on --write_settings_files=off pacman -c C5G_HDMI_VPG
quartus_cdb --read_settings_files=off --write_settings_files=off pacman -c C5G_HDMI_VPG --merge=on
quartus_fit --read_settings_files=off --write_settings_files=off pacman -c C5G_HDMI_VPG
quartus_asm --read_settings_files=off --write_settings_files=off pacman -c C5G_HDMI_VPG
quartus_sta pacman -c C5G_HDMI_VPG
quartus_map --read_settings_files=on --write_settings_files=off pacman -c C5G_HDMI_VPG
quartus_map --read_settings_files=on --write_settings_files=off pacman -c C5G_HDMI_VPG
quartus_cdb --read_settings_files=off --write_settings_files=off pacman -c C5G_HDMI_VPG --merge=on
quartus_fit --read_settings_files=off --write_settings_files=off pacman -c C5G_HDMI_VPG
quartus_asm --read_settings_files=off --write_settings_files=off pacman -c C5G_HDMI_VPG
quartus_sta pacman -c C5G_HDMI_VPG
quartus_map --read_settings_files=on --write_settings_files=off pacman -c C5G_HDMI_VPG
quartus_cdb --read_settings_files=off --write_settings_files=off pacman -c C5G_HDMI_VPG --merge=on
quartus_fit --read_settings_files=off --write_settings_files=off pacman -c C5G_HDMI_VPG
quartus_asm --read_settings_files=off --write_settings_files=off pacman -c C5G_HDMI_VPG
quartus_sta pacman -c C5G_HDMI_VPG
quartus_map --read_settings_files=on --write_settings_files=off pacman -c C5G_HDMI_VPG
quartus_map --read_settings_files=on --write_settings_files=off pacman -c C5G_HDMI_VPG
quartus_cdb --read_settings_files=off --write_settings_files=off pacman -c C5G_HDMI_VPG --merge=on
quartus_fit --read_settings_files=off --write_settings_files=off pacman -c C5G_HDMI_VPG
quartus_asm --read_settings_files=off --write_settings_files=off pacman -c C5G_HDMI_VPG
quartus_sta pacman -c C5G_HDMI_VPG
quartus_map --read_settings_files=on --write_settings_files=off pacman -c C5G_HDMI_VPG
quartus_cdb --read_settings_files=off --write_settings_files=off pacman -c C5G_HDMI_VPG --merge=on
quartus_fit --read_settings_files=off --write_settings_files=off pacman -c C5G_HDMI_VPG
quartus_asm --read_settings_files=off --write_settings_files=off pacman -c C5G_HDMI_VPG
quartus_sta pacman -c C5G_HDMI_VPG



