16:02:37 **** Incremental Build of configuration Nios II for project pacman_soft_1 ****
make all 
Info: Building ../pacman_soft_1_bsp/
C:/intelFPGA/18.0/nios2eds/bin/gnu/H-x86_64-mingw32/bin/make --no-print-directory -C ../pacman_soft_1_bsp/
[BSP build complete]
[pacman_soft_1 build complete]
16:02:47 **** Incremental Build of configuration Nios II for project pacman_soft_1 ****
make all 
Info: Building ../pacman_soft_1_bsp/
C:/intelFPGA/18.0/nios2eds/bin/gnu/H-x86_64-mingw32/bin/make --no-print-directory -C ../pacman_soft_1_bsp/
[BSP build complete]
[pacman_soft_1 build complete]
16:03:11 **** Incremental Build of configuration Nios II for project pacman_soft_1 ****
make all 
Info: Building ../pacman_soft_1_bsp/
C:/intelFPGA/18.0/nios2eds/bin/gnu/H-x86_64-mingw32/bin/make --no-print-directory -C ../pacman_soft_1_bsp/
[BSP build complete]
[pacman_soft_1 build complete]
16:03:44 **** Incremental Build of configuration Nios II for project pacman_soft_1 ****
make all 
Info: Building ../pacman_soft_1_bsp/
C:/intelFPGA/18.0/nios2eds/bin/gnu/H-x86_64-mingw32/bin/make --no-print-directory -C ../pacman_soft_1_bsp/
[BSP build complete]
[pacman_soft_1 build complete]
16:04:15 **** Incremental Build of configuration Nios II for project pacman_soft_1 ****
make all 
Info: Building ../pacman_soft_1_bsp/
C:/intelFPGA/18.0/nios2eds/bin/gnu/H-x86_64-mingw32/bin/make --no-print-directory -C ../pacman_soft_1_bsp/
[BSP build complete]
[pacman_soft_1 build complete]
16:04:53 **** Incremental Build of configuration Nios II for project pacman_soft_1 ****
make all 
Info: Building ../pacman_soft_1_bsp/
C:/intelFPGA/18.0/nios2eds/bin/gnu/H-x86_64-mingw32/bin/make --no-print-directory -C ../pacman_soft_1_bsp/
[BSP build complete]
[pacman_soft_1 build complete]
16:07:59 **** Incremental Build of configuration Nios II for project pacman_soft_1 ****
make all 
Info: Building ../pacman_soft_1_bsp/
C:/intelFPGA/18.0/nios2eds/bin/gnu/H-x86_64-mingw32/bin/make --no-print-directory -C ../pacman_soft_1_bsp/
[BSP build complete]
Info: Compiling main.c to obj/default/main.o
nios2-elf-gcc -xc -MP -MMD -c -I../pacman_soft_1_bsp//HAL/inc -I../pacman_soft_1_bsp/ -I../pacman_soft_1_bsp//drivers/inc  -pipe -D__hal__ -DALT_NO_INSTRUCTION_EMULATION -DALT_SINGLE_THREADED    -O0 -g -Wall   -mno-hw-div -mhw-mul -mno-hw-mulx -mgpopt=global  -o obj/default/main.o main.c
In file included from main.c:2:0:
refresh_position.h:67:13: warning: 'update_direction' declared 'static' but never defined [-Wunused-function]
 static void update_direction(void* context);
             ^
Info: Linking pacman_soft_1.elf
nios2-elf-g++  -T'../pacman_soft_1_bsp//linker.x' -msys-crt0='../pacman_soft_1_bsp//obj/HAL/src/crt0.o' -msys-lib=hal_bsp -L../pacman_soft_1_bsp/   -Wl,-Map=pacman_soft_1.map   -O0 -g -Wall   -mno-hw-div -mhw-mul -mno-hw-mulx -mgpopt=global  -o pacman_soft_1.elf obj/default/background.o obj/default/main.o obj/default/refresh_position.o -lm -msys-lib=m
nios2-elf-insert pacman_soft_1.elf --thread_model hal --cpu_name nios2_qsys --qsys true --simulation_enabled false --id 0 --sidp 0x101120 --timestamp 1542898398 --stderr_dev jtag_uart --stdin_dev jtag_uart --stdout_dev jtag_uart --sopc_system_name HDMI_QSYS --quartus_project_dir "D:/TL_MOREIRA_BERGES/TL_PACMAN" --jdi D:/TL_MOREIRA_BERGES/TL_PACMAN/software/pacman_soft_1_bsp/../../C5G_HDMI_VPG.jdi --sopcinfo D:/TL_MOREIRA_BERGES/TL_PACMAN/software/pacman_soft_1_bsp/../../HDMI_QSYS.sopcinfo
Info: (pacman_soft_1.elf) 74 KBytes program size (code + initialized data).
Info:                     221 KBytes free for stack + heap.
Info: Creating pacman_soft_1.objdump
nios2-elf-objdump --disassemble --syms --all-header --source pacman_soft_1.elf >pacman_soft_1.objdump
[pacman_soft_1 build complete]
16:09:34 **** Incremental Build of configuration Nios II for project pacman_soft_1 ****
make all 
Info: Building ../pacman_soft_1_bsp/
C:/intelFPGA/18.0/nios2eds/bin/gnu/H-x86_64-mingw32/bin/make --no-print-directory -C ../pacman_soft_1_bsp/
[BSP build complete]
Info: Compiling main.c to obj/default/main.o
nios2-elf-gcc -xc -MP -MMD -c -I../pacman_soft_1_bsp//HAL/inc -I../pacman_soft_1_bsp/ -I../pacman_soft_1_bsp//drivers/inc  -pipe -D__hal__ -DALT_NO_INSTRUCTION_EMULATION -DALT_SINGLE_THREADED    -O0 -g -Wall   -mno-hw-div -mhw-mul -mno-hw-mulx -mgpopt=global  -o obj/default/main.o main.c
In file included from main.c:2:0:
refresh_position.h:67:13: warning: 'update_direction' declared 'static' but never defined [-Wunused-function]
 static void update_direction(void* context);
             ^
Info: Linking pacman_soft_1.elf
nios2-elf-g++  -T'../pacman_soft_1_bsp//linker.x' -msys-crt0='../pacman_soft_1_bsp//obj/HAL/src/crt0.o' -msys-lib=hal_bsp -L../pacman_soft_1_bsp/   -Wl,-Map=pacman_soft_1.map   -O0 -g -Wall   -mno-hw-div -mhw-mul -mno-hw-mulx -mgpopt=global  -o pacman_soft_1.elf obj/default/background.o obj/default/main.o obj/default/refresh_position.o -lm -msys-lib=m
nios2-elf-insert pacman_soft_1.elf --thread_model hal --cpu_name nios2_qsys --qsys true --simulation_enabled false --id 0 --sidp 0x101120 --timestamp 1542898398 --stderr_dev jtag_uart --stdin_dev jtag_uart --stdout_dev jtag_uart --sopc_system_name HDMI_QSYS --quartus_project_dir "D:/TL_MOREIRA_BERGES/TL_PACMAN" --jdi D:/TL_MOREIRA_BERGES/TL_PACMAN/software/pacman_soft_1_bsp/../../C5G_HDMI_VPG.jdi --sopcinfo D:/TL_MOREIRA_BERGES/TL_PACMAN/software/pacman_soft_1_bsp/../../HDMI_QSYS.sopcinfo
Info: (pacman_soft_1.elf) 73 KBytes program size (code + initialized data).
Info:                     221 KBytes free for stack + heap.
Info: Creating pacman_soft_1.objdump
nios2-elf-objdump --disassemble --syms --all-header --source pacman_soft_1.elf >pacman_soft_1.objdump
[pacman_soft_1 build complete]
16:09:36 **** Incremental Build of configuration Nios II for project pacman_soft_1_bsp ****
make all 
[BSP build complete]
16:09:38 **** Incremental Build of configuration Nios II for project pacman_soft_1 ****
make all 
Info: Building ../pacman_soft_1_bsp/
C:/intelFPGA/18.0/nios2eds/bin/gnu/H-x86_64-mingw32/bin/make --no-print-directory -C ../pacman_soft_1_bsp/
[BSP build complete]
[pacman_soft_1 build complete]
16:14:03 **** Incremental Build of configuration Nios II for project pacman_soft_1 ****
make all 
Info: Building ../pacman_soft_1_bsp/
C:/intelFPGA/18.0/nios2eds/bin/gnu/H-x86_64-mingw32/bin/make --no-print-directory -C ../pacman_soft_1_bsp/
[BSP build complete]
Info: Compiling main.c to obj/default/main.o
nios2-elf-gcc -xc -MP -MMD -c -I../pacman_soft_1_bsp//HAL/inc -I../pacman_soft_1_bsp/ -I../pacman_soft_1_bsp//drivers/inc  -pipe -D__hal__ -DALT_NO_INSTRUCTION_EMULATION -DALT_SINGLE_THREADED    -O0 -g -Wall   -mno-hw-div -mhw-mul -mno-hw-mulx -mgpopt=global  -o obj/default/main.o main.c
In file included from main.c:2:0:
refresh_position.h:67:13: warning: 'update_direction' declared 'static' but never defined [-Wunused-function]
 static void update_direction(void* context);
             ^
Info: Linking pacman_soft_1.elf
nios2-elf-g++  -T'../pacman_soft_1_bsp//linker.x' -msys-crt0='../pacman_soft_1_bsp//obj/HAL/src/crt0.o' -msys-lib=hal_bsp -L../pacman_soft_1_bsp/   -Wl,-Map=pacman_soft_1.map   -O0 -g -Wall   -mno-hw-div -mhw-mul -mno-hw-mulx -mgpopt=global  -o pacman_soft_1.elf obj/default/background.o obj/default/main.o obj/default/refresh_position.o -lm -msys-lib=m
nios2-elf-insert pacman_soft_1.elf --thread_model hal --cpu_name nios2_qsys --qsys true --simulation_enabled false --id 0 --sidp 0x101120 --timestamp 1542898398 --stderr_dev jtag_uart --stdin_dev jtag_uart --stdout_dev jtag_uart --sopc_system_name HDMI_QSYS --quartus_project_dir "D:/TL_MOREIRA_BERGES/TL_PACMAN" --jdi D:/TL_MOREIRA_BERGES/TL_PACMAN/software/pacman_soft_1_bsp/../../C5G_HDMI_VPG.jdi --sopcinfo D:/TL_MOREIRA_BERGES/TL_PACMAN/software/pacman_soft_1_bsp/../../HDMI_QSYS.sopcinfo
Info: (pacman_soft_1.elf) 73 KBytes program size (code + initialized data).
Info:                     221 KBytes free for stack + heap.
Info: Creating pacman_soft_1.objdump
nios2-elf-objdump --disassemble --syms --all-header --source pacman_soft_1.elf >pacman_soft_1.objdump
[pacman_soft_1 build complete]
16:14:05 **** Incremental Build of configuration Nios II for project pacman_soft_1_bsp ****
make all 
[BSP build complete]
16:14:28 **** Incremental Build of configuration Nios II for project pacman_soft_1 ****
make all 
Info: Building ../pacman_soft_1_bsp/
C:/intelFPGA/18.0/nios2eds/bin/gnu/H-x86_64-mingw32/bin/make --no-print-directory -C ../pacman_soft_1_bsp/
[BSP build complete]
[pacman_soft_1 build complete]
16:26:31 **** Incremental Build of configuration Nios II for project pacman_soft_1 ****
make all 
Info: Building ../pacman_soft_1_bsp/
C:/intelFPGA/18.0/nios2eds/bin/gnu/H-x86_64-mingw32/bin/make --no-print-directory -C ../pacman_soft_1_bsp/
[BSP build complete]
Info: Compiling main.c to obj/default/main.o
nios2-elf-gcc -xc -MP -MMD -c -I../pacman_soft_1_bsp//HAL/inc -I../pacman_soft_1_bsp/ -I../pacman_soft_1_bsp//drivers/inc  -pipe -D__hal__ -DALT_NO_INSTRUCTION_EMULATION -DALT_SINGLE_THREADED    -O0 -g -Wall   -mno-hw-div -mhw-mul -mno-hw-mulx -mgpopt=global  -o obj/default/main.o main.c
Info: Compiling refresh_position.c to obj/default/refresh_position.o
nios2-elf-gcc -xc -MP -MMD -c -I../pacman_soft_1_bsp//HAL/inc -I../pacman_soft_1_bsp/ -I../pacman_soft_1_bsp//drivers/inc  -pipe -D__hal__ -DALT_NO_INSTRUCTION_EMULATION -DALT_SINGLE_THREADED    -O0 -g -Wall   -mno-hw-div -mhw-mul -mno-hw-mulx -mgpopt=global  -o obj/default/refresh_position.o refresh_position.c
refresh_position.c: In function 'refresh_position':
refresh_position.c:95:6: warning: unused variable 'randomOrientation' [-Wunused-variable]
  int randomOrientation = rand() % 5;
      ^
refresh_position.c: At top level:
refresh_position.c:142:6: error: conflicting types for 'refresh_position_keepGoing'
 void refresh_position_keepGoing(position* charPosition, alt_u16 step, alt_u8 autoMode){
      ^
In file included from refresh_position.c:8:0:
refresh_position.h:64:6: note: previous declaration of 'refresh_position_keepGoing' was here
 void refresh_position_keepGoing(position* charPosition, alt_u16 step);
      ^
make: *** [obj/default/refresh_position.o] Error 1
16:26:32 **** Incremental Build of configuration Nios II for project pacman_soft_1_bsp ****
make all 
[BSP build complete]
16:26:37 **** Incremental Build of configuration Nios II for project pacman_soft_1 ****
make all 
Info: Building ../pacman_soft_1_bsp/
C:/intelFPGA/18.0/nios2eds/bin/gnu/H-x86_64-mingw32/bin/make --no-print-directory -C ../pacman_soft_1_bsp/
[BSP build complete]
Info: Compiling refresh_position.c to obj/default/refresh_position.o
nios2-elf-gcc -xc -MP -MMD -c -I../pacman_soft_1_bsp//HAL/inc -I../pacman_soft_1_bsp/ -I../pacman_soft_1_bsp//drivers/inc  -pipe -D__hal__ -DALT_NO_INSTRUCTION_EMULATION -DALT_SINGLE_THREADED    -O0 -g -Wall   -mno-hw-div -mhw-mul -mno-hw-mulx -mgpopt=global  -o obj/default/refresh_position.o refresh_position.c
refresh_position.c: In function 'refresh_position':
refresh_position.c:95:6: warning: unused variable 'randomOrientation' [-Wunused-variable]
  int randomOrientation = rand() % 5;
      ^
refresh_position.c: At top level:
refresh_position.c:142:6: error: conflicting types for 'refresh_position_keepGoing'
 void refresh_position_keepGoing(position* charPosition, alt_u16 step, alt_u8 autoMode){
      ^
In file included from refresh_position.c:8:0:
refresh_position.h:64:6: note: previous declaration of 'refresh_position_keepGoing' was here
 void refresh_position_keepGoing(position* charPosition, alt_u16 step);
      ^
make: *** [obj/default/refresh_position.o] Error 1
16:26:54 **** Incremental Build of configuration Nios II for project pacman_soft_1 ****
make all 
Info: Building ../pacman_soft_1_bsp/
C:/intelFPGA/18.0/nios2eds/bin/gnu/H-x86_64-mingw32/bin/make --no-print-directory -C ../pacman_soft_1_bsp/
[BSP build complete]
Info: Compiling main.c to obj/default/main.o
nios2-elf-gcc -xc -MP -MMD -c -I../pacman_soft_1_bsp//HAL/inc -I../pacman_soft_1_bsp/ -I../pacman_soft_1_bsp//drivers/inc  -pipe -D__hal__ -DALT_NO_INSTRUCTION_EMULATION -DALT_SINGLE_THREADED    -O0 -g -Wall   -mno-hw-div -mhw-mul -mno-hw-mulx -mgpopt=global  -o obj/default/main.o main.c
Info: Compiling refresh_position.c to obj/default/refresh_position.o
nios2-elf-gcc -xc -MP -MMD -c -I../pacman_soft_1_bsp//HAL/inc -I../pacman_soft_1_bsp/ -I../pacman_soft_1_bsp//drivers/inc  -pipe -D__hal__ -DALT_NO_INSTRUCTION_EMULATION -DALT_SINGLE_THREADED    -O0 -g -Wall   -mno-hw-div -mhw-mul -mno-hw-mulx -mgpopt=global  -o obj/default/refresh_position.o refresh_position.c
refresh_position.c: In function 'refresh_position':
refresh_position.c:105:5: error: too few arguments to function 'refresh_position_keepGoing'
     refresh_position_keepGoing(charPosition, step);
     ^
In file included from refresh_position.c:8:0:
refresh_position.h:64:6: note: declared here
 void refresh_position_keepGoing(position* charPosition, alt_u16 step, alt_u8 autoMode);
      ^
refresh_position.c:114:5: error: too few arguments to function 'refresh_position_keepGoing'
     refresh_position_keepGoing(charPosition, step);
     ^
In file included from refresh_position.c:8:0:
refresh_position.h:64:6: note: declared here
 void refresh_position_keepGoing(position* charPosition, alt_u16 step, alt_u8 autoMode);
      ^
refresh_position.c:123:5: error: too few arguments to function 'refresh_position_keepGoing'
     refresh_position_keepGoing(charPosition, step);
     ^
In file included from refresh_position.c:8:0:
refresh_position.h:64:6: note: declared here
 void refresh_position_keepGoing(position* charPosition, alt_u16 step, alt_u8 autoMode);
      ^
refresh_position.c:132:5: error: too few arguments to function 'refresh_position_keepGoing'
     refresh_position_keepGoing(charPosition, step);
     ^
In file included from refresh_position.c:8:0:
refresh_position.h:64:6: note: declared here
 void refresh_position_keepGoing(position* charPosition, alt_u16 step, alt_u8 autoMode);
      ^
refresh_position.c:136:4: error: too few arguments to function 'refresh_position_keepGoing'
    refresh_position_keepGoing(charPosition, step);
    ^
In file included from refresh_position.c:8:0:
refresh_position.h:64:6: note: declared here
 void refresh_position_keepGoing(position* charPosition, alt_u16 step, alt_u8 autoMode);
      ^
refresh_position.c:95:6: warning: unused variable 'randomOrientation' [-Wunused-variable]
  int randomOrientation = rand() % 5;
      ^
make: *** [obj/default/refresh_position.o] Error 1
16:26:55 **** Incremental Build of configuration Nios II for project pacman_soft_1_bsp ****
make all 
[BSP build complete]
16:28:18 **** Incremental Build of configuration Nios II for project pacman_soft_1 ****
make all 
Info: Building ../pacman_soft_1_bsp/
C:/intelFPGA/18.0/nios2eds/bin/gnu/H-x86_64-mingw32/bin/make --no-print-directory -C ../pacman_soft_1_bsp/
[BSP build complete]
Info: Compiling main.c to obj/default/main.o
nios2-elf-gcc -xc -MP -MMD -c -I../pacman_soft_1_bsp//HAL/inc -I../pacman_soft_1_bsp/ -I../pacman_soft_1_bsp//drivers/inc  -pipe -D__hal__ -DALT_NO_INSTRUCTION_EMULATION -DALT_SINGLE_THREADED    -O0 -g -Wall   -mno-hw-div -mhw-mul -mno-hw-mulx -mgpopt=global  -o obj/default/main.o main.c
Info: Compiling refresh_position.c to obj/default/refresh_position.o
nios2-elf-gcc -xc -MP -MMD -c -I../pacman_soft_1_bsp//HAL/inc -I../pacman_soft_1_bsp/ -I../pacman_soft_1_bsp//drivers/inc  -pipe -D__hal__ -DALT_NO_INSTRUCTION_EMULATION -DALT_SINGLE_THREADED    -O0 -g -Wall   -mno-hw-div -mhw-mul -mno-hw-mulx -mgpopt=global  -o obj/default/refresh_position.o refresh_position.c
refresh_position.c: In function 'refresh_position':
refresh_position.c:95:6: warning: unused variable 'randomOrientation' [-Wunused-variable]
  int randomOrientation = rand() % 5;
      ^
Info: Linking pacman_soft_1.elf
nios2-elf-g++  -T'../pacman_soft_1_bsp//linker.x' -msys-crt0='../pacman_soft_1_bsp//obj/HAL/src/crt0.o' -msys-lib=hal_bsp -L../pacman_soft_1_bsp/   -Wl,-Map=pacman_soft_1.map   -O0 -g -Wall   -mno-hw-div -mhw-mul -mno-hw-mulx -mgpopt=global  -o pacman_soft_1.elf obj/default/background.o obj/default/main.o obj/default/refresh_position.o -lm -msys-lib=m
nios2-elf-insert pacman_soft_1.elf --thread_model hal --cpu_name nios2_qsys --qsys true --simulation_enabled false --id 0 --sidp 0x101120 --timestamp 1542898398 --stderr_dev jtag_uart --stdin_dev jtag_uart --stdout_dev jtag_uart --sopc_system_name HDMI_QSYS --quartus_project_dir "D:/TL_MOREIRA_BERGES/TL_PACMAN" --jdi D:/TL_MOREIRA_BERGES/TL_PACMAN/software/pacman_soft_1_bsp/../../C5G_HDMI_VPG.jdi --sopcinfo D:/TL_MOREIRA_BERGES/TL_PACMAN/software/pacman_soft_1_bsp/../../HDMI_QSYS.sopcinfo
Info: (pacman_soft_1.elf) 73 KBytes program size (code + initialized data).
Info:                     221 KBytes free for stack + heap.
Info: Creating pacman_soft_1.objdump
nios2-elf-objdump --disassemble --syms --all-header --source pacman_soft_1.elf >pacman_soft_1.objdump
[pacman_soft_1 build complete]
16:28:20 **** Incremental Build of configuration Nios II for project pacman_soft_1_bsp ****
make all 
[BSP build complete]
16:28:42 **** Incremental Build of configuration Nios II for project pacman_soft_1 ****
make all 
Info: Building ../pacman_soft_1_bsp/
C:/intelFPGA/18.0/nios2eds/bin/gnu/H-x86_64-mingw32/bin/make --no-print-directory -C ../pacman_soft_1_bsp/
[BSP build complete]
[pacman_soft_1 build complete]
16:44:28 **** Incremental Build of configuration Nios II for project pacman_soft_1 ****
make all 
Info: Building ../pacman_soft_1_bsp/
C:/intelFPGA/18.0/nios2eds/bin/gnu/H-x86_64-mingw32/bin/make --no-print-directory -C ../pacman_soft_1_bsp/
[BSP build complete]
[pacman_soft_1 build complete]
16:45:30 **** Incremental Build of configuration Nios II for project pacman_soft_1 ****
make all 
Info: Building ../pacman_soft_1_bsp/
C:/intelFPGA/18.0/nios2eds/bin/gnu/H-x86_64-mingw32/bin/make --no-print-directory -C ../pacman_soft_1_bsp/
[BSP build complete]
Info: Compiling main.c to obj/default/main.o
nios2-elf-gcc -xc -MP -MMD -c -I../pacman_soft_1_bsp//HAL/inc -I../pacman_soft_1_bsp/ -I../pacman_soft_1_bsp//drivers/inc  -pipe -D__hal__ -DALT_NO_INSTRUCTION_EMULATION -DALT_SINGLE_THREADED    -O0 -g -Wall   -mno-hw-div -mhw-mul -mno-hw-mulx -mgpopt=global  -o obj/default/main.o main.c
Info: Linking pacman_soft_1.elf
nios2-elf-g++  -T'../pacman_soft_1_bsp//linker.x' -msys-crt0='../pacman_soft_1_bsp//obj/HAL/src/crt0.o' -msys-lib=hal_bsp -L../pacman_soft_1_bsp/   -Wl,-Map=pacman_soft_1.map   -O0 -g -Wall   -mno-hw-div -mhw-mul -mno-hw-mulx -mgpopt=global  -o pacman_soft_1.elf obj/default/background.o obj/default/main.o obj/default/refresh_position.o -lm -msys-lib=m
nios2-elf-insert pacman_soft_1.elf --thread_model hal --cpu_name nios2_qsys --qsys true --simulation_enabled false --id 0 --sidp 0x101120 --timestamp 1542898398 --stderr_dev jtag_uart --stdin_dev jtag_uart --stdout_dev jtag_uart --sopc_system_name HDMI_QSYS --quartus_project_dir "D:/TL_MOREIRA_BERGES/TL_PACMAN" --jdi D:/TL_MOREIRA_BERGES/TL_PACMAN/software/pacman_soft_1_bsp/../../C5G_HDMI_VPG.jdi --sopcinfo D:/TL_MOREIRA_BERGES/TL_PACMAN/software/pacman_soft_1_bsp/../../HDMI_QSYS.sopcinfo
Info: (pacman_soft_1.elf) 73 KBytes program size (code + initialized data).
Info:                     221 KBytes free for stack + heap.
Info: Creating pacman_soft_1.objdump
nios2-elf-objdump --disassemble --syms --all-header --source pacman_soft_1.elf >pacman_soft_1.objdump
[pacman_soft_1 build complete]
16:45:32 **** Incremental Build of configuration Nios II for project pacman_soft_1_bsp ****
make all 
[BSP build complete]
16:46:11 **** Incremental Build of configuration Nios II for project pacman_soft_1 ****
make all 
Info: Building ../pacman_soft_1_bsp/
C:/intelFPGA/18.0/nios2eds/bin/gnu/H-x86_64-mingw32/bin/make --no-print-directory -C ../pacman_soft_1_bsp/
[BSP build complete]
Info: Compiling main.c to obj/default/main.o
nios2-elf-gcc -xc -MP -MMD -c -I../pacman_soft_1_bsp//HAL/inc -I../pacman_soft_1_bsp/ -I../pacman_soft_1_bsp//drivers/inc  -pipe -D__hal__ -DALT_NO_INSTRUCTION_EMULATION -DALT_SINGLE_THREADED    -O0 -g -Wall   -mno-hw-div -mhw-mul -mno-hw-mulx -mgpopt=global  -o obj/default/main.o main.c
Info: Linking pacman_soft_1.elf
nios2-elf-g++  -T'../pacman_soft_1_bsp//linker.x' -msys-crt0='../pacman_soft_1_bsp//obj/HAL/src/crt0.o' -msys-lib=hal_bsp -L../pacman_soft_1_bsp/   -Wl,-Map=pacman_soft_1.map   -O0 -g -Wall   -mno-hw-div -mhw-mul -mno-hw-mulx -mgpopt=global  -o pacman_soft_1.elf obj/default/background.o obj/default/main.o obj/default/refresh_position.o -lm -msys-lib=m
nios2-elf-insert pacman_soft_1.elf --thread_model hal --cpu_name nios2_qsys --qsys true --simulation_enabled false --id 0 --sidp 0x101120 --timestamp 1542898398 --stderr_dev jtag_uart --stdin_dev jtag_uart --stdout_dev jtag_uart --sopc_system_name HDMI_QSYS --quartus_project_dir "D:/TL_MOREIRA_BERGES/TL_PACMAN" --jdi D:/TL_MOREIRA_BERGES/TL_PACMAN/software/pacman_soft_1_bsp/../../C5G_HDMI_VPG.jdi --sopcinfo D:/TL_MOREIRA_BERGES/TL_PACMAN/software/pacman_soft_1_bsp/../../HDMI_QSYS.sopcinfo
Info: (pacman_soft_1.elf) 73 KBytes program size (code + initialized data).
Info:                     221 KBytes free for stack + heap.
Info: Creating pacman_soft_1.objdump
nios2-elf-objdump --disassemble --syms --all-header --source pacman_soft_1.elf >pacman_soft_1.objdump
[pacman_soft_1 build complete]
16:46:12 **** Incremental Build of configuration Nios II for project pacman_soft_1_bsp ****
make all 
[BSP build complete]
16:46:17 **** Incremental Build of configuration Nios II for project pacman_soft_1 ****
make all 
Info: Building ../pacman_soft_1_bsp/
C:/intelFPGA/18.0/nios2eds/bin/gnu/H-x86_64-mingw32/bin/make --no-print-directory -C ../pacman_soft_1_bsp/
[BSP build complete]
[pacman_soft_1 build complete]
16:46:17 **** Incremental Build of configuration Nios II for project pacman_soft_1_bsp ****
make all 
[BSP build complete]
16:46:19 **** Incremental Build of configuration Nios II for project pacman_soft_1 ****
make all 
Info: Building ../pacman_soft_1_bsp/
C:/intelFPGA/18.0/nios2eds/bin/gnu/H-x86_64-mingw32/bin/make --no-print-directory -C ../pacman_soft_1_bsp/
[BSP build complete]
Info: Compiling main.c to obj/default/main.o
nios2-elf-gcc -xc -MP -MMD -c -I../pacman_soft_1_bsp//HAL/inc -I../pacman_soft_1_bsp/ -I../pacman_soft_1_bsp//drivers/inc  -pipe -D__hal__ -DALT_NO_INSTRUCTION_EMULATION -DALT_SINGLE_THREADED    -O0 -g -Wall   -mno-hw-div -mhw-mul -mno-hw-mulx -mgpopt=global  -o obj/default/main.o main.c
Info: Linking pacman_soft_1.elf
nios2-elf-g++  -T'../pacman_soft_1_bsp//linker.x' -msys-crt0='../pacman_soft_1_bsp//obj/HAL/src/crt0.o' -msys-lib=hal_bsp -L../pacman_soft_1_bsp/   -Wl,-Map=pacman_soft_1.map   -O0 -g -Wall   -mno-hw-div -mhw-mul -mno-hw-mulx -mgpopt=global  -o pacman_soft_1.elf obj/default/background.o obj/default/main.o obj/default/refresh_position.o -lm -msys-lib=m
nios2-elf-insert pacman_soft_1.elf --thread_model hal --cpu_name nios2_qsys --qsys true --simulation_enabled false --id 0 --sidp 0x101120 --timestamp 1542898398 --stderr_dev jtag_uart --stdin_dev jtag_uart --stdout_dev jtag_uart --sopc_system_name HDMI_QSYS --quartus_project_dir "D:/TL_MOREIRA_BERGES/TL_PACMAN" --jdi D:/TL_MOREIRA_BERGES/TL_PACMAN/software/pacman_soft_1_bsp/../../C5G_HDMI_VPG.jdi --sopcinfo D:/TL_MOREIRA_BERGES/TL_PACMAN/software/pacman_soft_1_bsp/../../HDMI_QSYS.sopcinfo
Info: (pacman_soft_1.elf) 73 KBytes program size (code + initialized data).
Info:                     221 KBytes free for stack + heap.
Info: Creating pacman_soft_1.objdump
nios2-elf-objdump --disassemble --syms --all-header --source pacman_soft_1.elf >pacman_soft_1.objdump
[pacman_soft_1 build complete]
16:46:21 **** Incremental Build of configuration Nios II for project pacman_soft_1_bsp ****
make all 
[BSP build complete]
16:46:22 **** Incremental Build of configuration Nios II for project pacman_soft_1 ****
make all 
Info: Building ../pacman_soft_1_bsp/
C:/intelFPGA/18.0/nios2eds/bin/gnu/H-x86_64-mingw32/bin/make --no-print-directory -C ../pacman_soft_1_bsp/
[BSP build complete]
[pacman_soft_1 build complete]
16:47:33 **** Incremental Build of configuration Nios II for project pacman_soft_1 ****
make all 
Info: Building ../pacman_soft_1_bsp/
C:/intelFPGA/18.0/nios2eds/bin/gnu/H-x86_64-mingw32/bin/make --no-print-directory -C ../pacman_soft_1_bsp/
[BSP build complete]
Info: Compiling main.c to obj/default/main.o
nios2-elf-gcc -xc -MP -MMD -c -I../pacman_soft_1_bsp//HAL/inc -I../pacman_soft_1_bsp/ -I../pacman_soft_1_bsp//drivers/inc  -pipe -D__hal__ -DALT_NO_INSTRUCTION_EMULATION -DALT_SINGLE_THREADED    -O0 -g -Wall   -mno-hw-div -mhw-mul -mno-hw-mulx -mgpopt=global  -o obj/default/main.o main.c
Info: Linking pacman_soft_1.elf
nios2-elf-g++  -T'../pacman_soft_1_bsp//linker.x' -msys-crt0='../pacman_soft_1_bsp//obj/HAL/src/crt0.o' -msys-lib=hal_bsp -L../pacman_soft_1_bsp/   -Wl,-Map=pacman_soft_1.map   -O0 -g -Wall   -mno-hw-div -mhw-mul -mno-hw-mulx -mgpopt=global  -o pacman_soft_1.elf obj/default/background.o obj/default/main.o obj/default/refresh_position.o -lm -msys-lib=m
nios2-elf-insert pacman_soft_1.elf --thread_model hal --cpu_name nios2_qsys --qsys true --simulation_enabled false --id 0 --sidp 0x101120 --timestamp 1542898398 --stderr_dev jtag_uart --stdin_dev jtag_uart --stdout_dev jtag_uart --sopc_system_name HDMI_QSYS --quartus_project_dir "D:/TL_MOREIRA_BERGES/TL_PACMAN" --jdi D:/TL_MOREIRA_BERGES/TL_PACMAN/software/pacman_soft_1_bsp/../../C5G_HDMI_VPG.jdi --sopcinfo D:/TL_MOREIRA_BERGES/TL_PACMAN/software/pacman_soft_1_bsp/../../HDMI_QSYS.sopcinfo
Info: (pacman_soft_1.elf) 73 KBytes program size (code + initialized data).
Info:                     221 KBytes free for stack + heap.
Info: Creating pacman_soft_1.objdump
nios2-elf-objdump --disassemble --syms --all-header --source pacman_soft_1.elf >pacman_soft_1.objdump
[pacman_soft_1 build complete]
16:47:35 **** Incremental Build of configuration Nios II for project pacman_soft_1_bsp ****
make all 
[BSP build complete]
16:47:37 **** Incremental Build of configuration Nios II for project pacman_soft_1 ****
make all 
Info: Building ../pacman_soft_1_bsp/
C:/intelFPGA/18.0/nios2eds/bin/gnu/H-x86_64-mingw32/bin/make --no-print-directory -C ../pacman_soft_1_bsp/
[BSP build complete]
[pacman_soft_1 build complete]
16:49:08 **** Incremental Build of configuration Nios II for project pacman_soft_1 ****
make all 
Info: Building ../pacman_soft_1_bsp/
C:/intelFPGA/18.0/nios2eds/bin/gnu/H-x86_64-mingw32/bin/make --no-print-directory -C ../pacman_soft_1_bsp/
[BSP build complete]
Info: Compiling main.c to obj/default/main.o
nios2-elf-gcc -xc -MP -MMD -c -I../pacman_soft_1_bsp//HAL/inc -I../pacman_soft_1_bsp/ -I../pacman_soft_1_bsp//drivers/inc  -pipe -D__hal__ -DALT_NO_INSTRUCTION_EMULATION -DALT_SINGLE_THREADED    -O0 -g -Wall   -mno-hw-div -mhw-mul -mno-hw-mulx -mgpopt=global  -o obj/default/main.o main.c
Info: Linking pacman_soft_1.elf
nios2-elf-g++  -T'../pacman_soft_1_bsp//linker.x' -msys-crt0='../pacman_soft_1_bsp//obj/HAL/src/crt0.o' -msys-lib=hal_bsp -L../pacman_soft_1_bsp/   -Wl,-Map=pacman_soft_1.map   -O0 -g -Wall   -mno-hw-div -mhw-mul -mno-hw-mulx -mgpopt=global  -o pacman_soft_1.elf obj/default/background.o obj/default/main.o obj/default/refresh_position.o -lm -msys-lib=m
nios2-elf-insert pacman_soft_1.elf --thread_model hal --cpu_name nios2_qsys --qsys true --simulation_enabled false --id 0 --sidp 0x101120 --timestamp 1542898398 --stderr_dev jtag_uart --stdin_dev jtag_uart --stdout_dev jtag_uart --sopc_system_name HDMI_QSYS --quartus_project_dir "D:/TL_MOREIRA_BERGES/TL_PACMAN" --jdi D:/TL_MOREIRA_BERGES/TL_PACMAN/software/pacman_soft_1_bsp/../../C5G_HDMI_VPG.jdi --sopcinfo D:/TL_MOREIRA_BERGES/TL_PACMAN/software/pacman_soft_1_bsp/../../HDMI_QSYS.sopcinfo
Info: (pacman_soft_1.elf) 73 KBytes program size (code + initialized data).
Info:                     221 KBytes free for stack + heap.
Info: Creating pacman_soft_1.objdump
nios2-elf-objdump --disassemble --syms --all-header --source pacman_soft_1.elf >pacman_soft_1.objdump
[pacman_soft_1 build complete]
16:49:10 **** Incremental Build of configuration Nios II for project pacman_soft_1_bsp ****
make all 
[BSP build complete]
16:49:33 **** Incremental Build of configuration Nios II for project pacman_soft_1 ****
make all 
Info: Building ../pacman_soft_1_bsp/
C:/intelFPGA/18.0/nios2eds/bin/gnu/H-x86_64-mingw32/bin/make --no-print-directory -C ../pacman_soft_1_bsp/
[BSP build complete]
[pacman_soft_1 build complete]
16:50:59 **** Incremental Build of configuration Nios II for project pacman_soft_1 ****
make all 
Info: Building ../pacman_soft_1_bsp/
C:/intelFPGA/18.0/nios2eds/bin/gnu/H-x86_64-mingw32/bin/make --no-print-directory -C ../pacman_soft_1_bsp/
[BSP build complete]
Info: Compiling main.c to obj/default/main.o
nios2-elf-gcc -xc -MP -MMD -c -I../pacman_soft_1_bsp//HAL/inc -I../pacman_soft_1_bsp/ -I../pacman_soft_1_bsp//drivers/inc  -pipe -D__hal__ -DALT_NO_INSTRUCTION_EMULATION -DALT_SINGLE_THREADED    -O0 -g -Wall   -mno-hw-div -mhw-mul -mno-hw-mulx -mgpopt=global  -o obj/default/main.o main.c
Info: Linking pacman_soft_1.elf
nios2-elf-g++  -T'../pacman_soft_1_bsp//linker.x' -msys-crt0='../pacman_soft_1_bsp//obj/HAL/src/crt0.o' -msys-lib=hal_bsp -L../pacman_soft_1_bsp/   -Wl,-Map=pacman_soft_1.map   -O0 -g -Wall   -mno-hw-div -mhw-mul -mno-hw-mulx -mgpopt=global  -o pacman_soft_1.elf obj/default/background.o obj/default/main.o obj/default/refresh_position.o -lm -msys-lib=m
nios2-elf-insert pacman_soft_1.elf --thread_model hal --cpu_name nios2_qsys --qsys true --simulation_enabled false --id 0 --sidp 0x101120 --timestamp 1542898398 --stderr_dev jtag_uart --stdin_dev jtag_uart --stdout_dev jtag_uart --sopc_system_name HDMI_QSYS --quartus_project_dir "D:/TL_MOREIRA_BERGES/TL_PACMAN" --jdi D:/TL_MOREIRA_BERGES/TL_PACMAN/software/pacman_soft_1_bsp/../../C5G_HDMI_VPG.jdi --sopcinfo D:/TL_MOREIRA_BERGES/TL_PACMAN/software/pacman_soft_1_bsp/../../HDMI_QSYS.sopcinfo
Info: (pacman_soft_1.elf) 73 KBytes program size (code + initialized data).
Info:                     221 KBytes free for stack + heap.
Info: Creating pacman_soft_1.objdump
nios2-elf-objdump --disassemble --syms --all-header --source pacman_soft_1.elf >pacman_soft_1.objdump
[pacman_soft_1 build complete]
16:51:01 **** Incremental Build of configuration Nios II for project pacman_soft_1_bsp ****
make all 
[BSP build complete]
16:51:04 **** Incremental Build of configuration Nios II for project pacman_soft_1 ****
make all 
Info: Building ../pacman_soft_1_bsp/
C:/intelFPGA/18.0/nios2eds/bin/gnu/H-x86_64-mingw32/bin/make --no-print-directory -C ../pacman_soft_1_bsp/
[BSP build complete]
[pacman_soft_1 build complete]
